<?xml version="1.0" encoding="UTF-8"?>
<!-- Generated by org.testng.reporters.JUnitReportReporter -->
<testsuite hostname="SUCHITRA" failures="0" tests="1" name="extentreport.AttachScreenShot" time="14.338" errors="0" timestamp="2024-06-04T09:38:30 IST" skipped="0">
  <testcase classname="extentreport.AttachScreenShot" name="screenshot" time="14.338"/>
  <system-out/>
</testsuite> <!-- extentreport.AttachScreenShot -->
