<?xml version="1.0" encoding="UTF-8"?>
<!-- Generated by org.testng.reporters.JUnitReportReporter -->
<testsuite hostname="SUCHITRA" failures="0" tests="1" name="extentreport.ToLearnExtentReport" time="0.553" errors="0" timestamp="2024-06-04T09:21:31 IST" skipped="0">
  <testcase classname="extentreport.ToLearnExtentReport" name="report" time="0.553"/>
  <system-out/>
</testsuite> <!-- extentreport.ToLearnExtentReport -->
